{"/Users/paulopupo/dev/fast-food-ms-clientes/src/application/use-cases/create-customer.ts": {"path":"/Users/paulopupo/dev/fast-food-ms-clientes/src/application/use-cases/create-customer.ts","statementMap":{"0":{"start":{"line":1,"column":0},"end":{"line":1,"column":57}},"1":{"start":{"line":2,"column":0},"end":{"line":2,"column":93}},"2":{"start":{"line":4,"column":0},"end":{"line":4,"column":83}},"3":{"start":{"line":7,"column":33},"end":{"line":7,"column":72}},"4":{"start":{"line":10,"column":8},"end":{"line":39,"column":9}},"5":{"start":{"line":11,"column":37},"end":{"line":11,"column":113}},"6":{"start":{"line":12,"column":12},"end":{"line":14,"column":13}},"7":{"start":{"line":13,"column":16},"end":{"line":13,"column":null}},"8":{"start":{"line":16,"column":34},"end":{"line":16,"column":98}},"9":{"start":{"line":17,"column":12},"end":{"line":19,"column":13}},"10":{"start":{"line":18,"column":16},"end":{"line":18,"column":null}},"11":{"start":{"line":21,"column":29},"end":{"line":21,"column":52}},"12":{"start":{"line":23,"column":36},"end":{"line":23,"column":82}},"13":{"start":{"line":25,"column":37},"end":{"line":25,"column":106}},"14":{"start":{"line":26,"column":12},"end":{"line":28,"column":13}},"15":{"start":{"line":27,"column":16},"end":{"line":27,"column":null}},"16":{"start":{"line":30,"column":12},"end":{"line":30,"column":null}},"17":{"start":{"line":32,"column":12},"end":{"line":34,"column":13}},"18":{"start":{"line":33,"column":16},"end":{"line":33,"column":null}},"19":{"start":{"line":35,"column":12},"end":{"line":37,"column":13}},"20":{"start":{"line":36,"column":16},"end":{"line":36,"column":null}},"21":{"start":{"line":38,"column":12},"end":{"line":38,"column":null}},"22":{"start":{"line":43,"column":53},"end":{"line":43,"column":55}},"23":{"start":{"line":44,"column":8},"end":{"line":47,"column":9}},"24":{"start":{"line":45,"column":27},"end":{"line":45,"column":59}},"25":{"start":{"line":46,"column":12},"end":{"line":46,"column":null}},"26":{"start":{"line":48,"column":8},"end":{"line":48,"column":null}},"27":{"start":{"line":6,"column":0},"end":{"line":6,"column":13}}},"fnMap":{"0":{"name":"(anonymous_7)","decl":{"start":{"line":7,"column":4},"end":{"line":7,"column":33}},"loc":{"start":{"line":7,"column":72},"end":{"line":7,"column":77}}},"1":{"name":"(anonymous_8)","decl":{"start":{"line":9,"column":10},"end":{"line":9,"column":17}},"loc":{"start":{"line":9,"column":75},"end":{"line":40,"column":null}}},"2":{"name":"(anonymous_10)","decl":{"start":{"line":42,"column":10},"end":{"line":42,"column":20}},"loc":{"start":{"line":42,"column":88},"end":{"line":49,"column":null}}}},"branchMap":{"0":{"loc":{"start":{"line":12,"column":12},"end":{"line":14,"column":13}},"type":"if","locations":[{"start":{"line":12,"column":12},"end":{"line":14,"column":13}}]},"1":{"loc":{"start":{"line":17,"column":12},"end":{"line":19,"column":13}},"type":"if","locations":[{"start":{"line":17,"column":12},"end":{"line":19,"column":13}}]},"2":{"loc":{"start":{"line":26,"column":12},"end":{"line":28,"column":13}},"type":"if","locations":[{"start":{"line":26,"column":12},"end":{"line":28,"column":13}}]},"3":{"loc":{"start":{"line":32,"column":12},"end":{"line":34,"column":13}},"type":"if","locations":[{"start":{"line":32,"column":12},"end":{"line":34,"column":13}}]},"4":{"loc":{"start":{"line":35,"column":12},"end":{"line":37,"column":13}},"type":"if","locations":[{"start":{"line":35,"column":12},"end":{"line":37,"column":13}}]}},"s":{"0":1,"1":1,"2":1,"3":3,"4":3,"5":3,"6":3,"7":1,"8":2,"9":2,"10":1,"11":1,"12":1,"13":1,"14":1,"15":0,"16":1,"17":0,"18":0,"19":0,"20":0,"21":0,"22":0,"23":0,"24":0,"25":0,"26":0,"27":1},"f":{"0":3,"1":3,"2":0},"b":{"0":[1],"1":[1],"2":[0],"3":[0],"4":[0]}}
,"/Users/paulopupo/dev/fast-food-ms-clientes/src/application/use-cases/delete-customer.ts": {"path":"/Users/paulopupo/dev/fast-food-ms-clientes/src/application/use-cases/delete-customer.ts","statementMap":{"0":{"start":{"line":2,"column":0},"end":{"line":2,"column":93}},"1":{"start":{"line":6,"column":33},"end":{"line":6,"column":72}},"2":{"start":{"line":9,"column":8},"end":{"line":14,"column":null}},"3":{"start":{"line":10,"column":18},"end":{"line":10,"column":56}},"4":{"start":{"line":11,"column":18},"end":{"line":11,"column":54}},"5":{"start":{"line":18,"column":8},"end":{"line":23,"column":null}},"6":{"start":{"line":19,"column":18},"end":{"line":19,"column":58}},"7":{"start":{"line":20,"column":18},"end":{"line":20,"column":73}},"8":{"start":{"line":27,"column":34},"end":{"line":27,"column":78}},"9":{"start":{"line":28,"column":32},"end":{"line":29,"column":null}},"10":{"start":{"line":29,"column":46},"end":{"line":29,"column":82}},"11":{"start":{"line":31,"column":33},"end":{"line":33,"column":51}},"12":{"start":{"line":32,"column":30},"end":{"line":32,"column":44}},"13":{"start":{"line":33,"column":27},"end":{"line":33,"column":50}},"14":{"start":{"line":34,"column":8},"end":{"line":34,"column":null}},"15":{"start":{"line":43,"column":25},"end":{"line":43,"column":46}},"16":{"start":{"line":44,"column":8},"end":{"line":46,"column":9}},"17":{"start":{"line":45,"column":12},"end":{"line":45,"column":null}},"18":{"start":{"line":48,"column":26},"end":{"line":48,"column":49}},"19":{"start":{"line":49,"column":8},"end":{"line":51,"column":null}},"20":{"start":{"line":55,"column":8},"end":{"line":55,"column":null}},"21":{"start":{"line":59,"column":8},"end":{"line":59,"column":null}},"22":{"start":{"line":63,"column":8},"end":{"line":63,"column":null}},"23":{"start":{"line":5,"column":0},"end":{"line":5,"column":13}}},"fnMap":{"0":{"name":"(anonymous_7)","decl":{"start":{"line":6,"column":4},"end":{"line":6,"column":33}},"loc":{"start":{"line":6,"column":72},"end":{"line":6,"column":77}}},"1":{"name":"(anonymous_8)","decl":{"start":{"line":8,"column":10},"end":{"line":8,"column":17}},"loc":{"start":{"line":8,"column":28},"end":{"line":15,"column":null}}},"2":{"name":"(anonymous_10)","decl":{"start":{"line":10,"column":12},"end":{"line":10,"column":15}},"loc":{"start":{"line":10,"column":18},"end":{"line":10,"column":56}}},"3":{"name":"(anonymous_11)","decl":{"start":{"line":11,"column":12},"end":{"line":11,"column":15}},"loc":{"start":{"line":11,"column":18},"end":{"line":11,"column":54}}},"4":{"name":"(anonymous_12)","decl":{"start":{"line":17,"column":10},"end":{"line":17,"column":22}},"loc":{"start":{"line":17,"column":34},"end":{"line":24,"column":null}}},"5":{"name":"(anonymous_14)","decl":{"start":{"line":19,"column":12},"end":{"line":19,"column":15}},"loc":{"start":{"line":19,"column":18},"end":{"line":19,"column":58}}},"6":{"name":"(anonymous_15)","decl":{"start":{"line":20,"column":12},"end":{"line":20,"column":15}},"loc":{"start":{"line":20,"column":18},"end":{"line":20,"column":73}}},"7":{"name":"(anonymous_16)","decl":{"start":{"line":26,"column":10},"end":{"line":26,"column":20}},"loc":{"start":{"line":26,"column":47},"end":{"line":35,"column":null}}},"8":{"name":"(anonymous_18)","decl":{"start":{"line":29,"column":34},"end":{"line":29,"column":42}},"loc":{"start":{"line":29,"column":46},"end":{"line":29,"column":82}}},"9":{"name":"(anonymous_19)","decl":{"start":{"line":32,"column":20},"end":{"line":32,"column":26}},"loc":{"start":{"line":32,"column":30},"end":{"line":32,"column":44}}},"10":{"name":"(anonymous_20)","decl":{"start":{"line":33,"column":17},"end":{"line":33,"column":23}},"loc":{"start":{"line":33,"column":27},"end":{"line":33,"column":50}}},"11":{"name":"(anonymous_21)","decl":{"start":{"line":37,"column":18},"end":{"line":37,"column":32}},"loc":{"start":{"line":41,"column":31},"end":{"line":52,"column":null}}},"12":{"name":"(anonymous_23)","decl":{"start":{"line":54,"column":12},"end":{"line":54,"column":36}},"loc":{"start":{"line":54,"column":84},"end":{"line":56,"column":5}}},"13":{"name":"(anonymous_24)","decl":{"start":{"line":58,"column":12},"end":{"line":58,"column":38}},"loc":{"start":{"line":58,"column":57},"end":{"line":60,"column":5}}},"14":{"name":"(anonymous_25)","decl":{"start":{"line":62,"column":12},"end":{"line":62,"column":34}},"loc":{"start":{"line":62,"column":82},"end":{"line":64,"column":5}}}},"branchMap":{"0":{"loc":{"start":{"line":44,"column":8},"end":{"line":46,"column":9}},"type":"if","locations":[{"start":{"line":44,"column":8},"end":{"line":46,"column":9}}]},"1":{"loc":{"start":{"line":49,"column":15},"end":{"line":51,"column":74}},"type":"cond-expr","locations":[{"start":{"line":50,"column":14},"end":{"line":50,"column":55}},{"start":{"line":51,"column":14},"end":{"line":51,"column":74}}]}},"s":{"0":1,"1":10,"2":7,"3":6,"4":7,"5":3,"6":2,"7":3,"8":3,"9":3,"10":4,"11":3,"12":4,"13":3,"14":3,"15":10,"16":10,"17":2,"18":8,"19":8,"20":2,"21":5,"22":3,"23":1},"f":{"0":10,"1":7,"2":6,"3":7,"4":3,"5":2,"6":3,"7":3,"8":4,"9":4,"10":3,"11":10,"12":2,"13":5,"14":3},"b":{"0":[2],"1":[5,3]}}
,"/Users/paulopupo/dev/fast-food-ms-clientes/src/application/use-cases/get-customer.ts": {"path":"/Users/paulopupo/dev/fast-food-ms-clientes/src/application/use-cases/get-customer.ts","statementMap":{"0":{"start":{"line":1,"column":0},"end":{"line":1,"column":93}},"1":{"start":{"line":5,"column":33},"end":{"line":5,"column":72}},"2":{"start":{"line":8,"column":8},"end":{"line":15,"column":9}},"3":{"start":{"line":9,"column":29},"end":{"line":9,"column":71}},"4":{"start":{"line":10,"column":12},"end":{"line":12,"column":null}},"5":{"start":{"line":14,"column":12},"end":{"line":14,"column":null}},"6":{"start":{"line":19,"column":8},"end":{"line":24,"column":9}},"7":{"start":{"line":20,"column":30},"end":{"line":20,"column":74}},"8":{"start":{"line":21,"column":12},"end":{"line":21,"column":null}},"9":{"start":{"line":23,"column":12},"end":{"line":23,"column":null}},"10":{"start":{"line":28,"column":8},"end":{"line":35,"column":9}},"11":{"start":{"line":29,"column":29},"end":{"line":29,"column":84}},"12":{"start":{"line":30,"column":12},"end":{"line":32,"column":null}},"13":{"start":{"line":34,"column":12},"end":{"line":34,"column":null}},"14":{"start":{"line":39,"column":8},"end":{"line":44,"column":9}},"15":{"start":{"line":40,"column":26},"end":{"line":40,"column":68}},"16":{"start":{"line":41,"column":12},"end":{"line":41,"column":null}},"17":{"start":{"line":43,"column":12},"end":{"line":43,"column":null}},"18":{"start":{"line":48,"column":8},"end":{"line":53,"column":9}},"19":{"start":{"line":49,"column":27},"end":{"line":49,"column":71}},"20":{"start":{"line":50,"column":12},"end":{"line":50,"column":null}},"21":{"start":{"line":52,"column":12},"end":{"line":52,"column":null}},"22":{"start":{"line":57,"column":8},"end":{"line":62,"column":9}},"23":{"start":{"line":58,"column":30},"end":{"line":58,"column":82}},"24":{"start":{"line":59,"column":12},"end":{"line":59,"column":null}},"25":{"start":{"line":61,"column":12},"end":{"line":61,"column":null}},"26":{"start":{"line":66,"column":8},"end":{"line":66,"column":57}},"27":{"start":{"line":66,"column":36},"end":{"line":66,"column":57}},"28":{"start":{"line":67,"column":8},"end":{"line":67,"column":29}},"29":{"start":{"line":4,"column":0},"end":{"line":4,"column":13}}},"fnMap":{"0":{"name":"(anonymous_7)","decl":{"start":{"line":5,"column":4},"end":{"line":5,"column":33}},"loc":{"start":{"line":5,"column":72},"end":{"line":5,"column":77}}},"1":{"name":"(anonymous_8)","decl":{"start":{"line":7,"column":10},"end":{"line":7,"column":17}},"loc":{"start":{"line":7,"column":28},"end":{"line":16,"column":null}}},"2":{"name":"(anonymous_10)","decl":{"start":{"line":18,"column":10},"end":{"line":18,"column":17}},"loc":{"start":{"line":18,"column":44},"end":{"line":25,"column":null}}},"3":{"name":"(anonymous_12)","decl":{"start":{"line":27,"column":10},"end":{"line":27,"column":21}},"loc":{"start":{"line":27,"column":47},"end":{"line":36,"column":null}}},"4":{"name":"(anonymous_14)","decl":{"start":{"line":38,"column":10},"end":{"line":38,"column":15}},"loc":{"start":{"line":38,"column":42},"end":{"line":45,"column":null}}},"5":{"name":"(anonymous_16)","decl":{"start":{"line":47,"column":10},"end":{"line":47,"column":20}},"loc":{"start":{"line":47,"column":31},"end":{"line":54,"column":null}}},"6":{"name":"(anonymous_18)","decl":{"start":{"line":56,"column":10},"end":{"line":56,"column":16}},"loc":{"start":{"line":56,"column":87},"end":{"line":63,"column":null}}},"7":{"name":"(anonymous_20)","decl":{"start":{"line":65,"column":12},"end":{"line":65,"column":27}},"loc":{"start":{"line":65,"column":42},"end":{"line":68,"column":5}}}},"branchMap":{"0":{"loc":{"start":{"line":10,"column":19},"end":{"line":12,"column":73}},"type":"cond-expr","locations":[{"start":{"line":11,"column":18},"end":{"line":11,"column":61}},{"start":{"line":12,"column":18},"end":{"line":12,"column":73}}]},"1":{"loc":{"start":{"line":30,"column":19},"end":{"line":32,"column":97}},"type":"cond-expr","locations":[{"start":{"line":31,"column":18},"end":{"line":31,"column":61}},{"start":{"line":32,"column":18},"end":{"line":32,"column":97}}]},"2":{"loc":{"start":{"line":66,"column":8},"end":{"line":66,"column":57}},"type":"if","locations":[{"start":{"line":66,"column":8},"end":{"line":66,"column":57}}]}},"s":{"0":1,"1":13,"2":3,"3":3,"4":2,"5":1,"6":2,"7":2,"8":1,"9":1,"10":2,"11":2,"12":2,"13":0,"14":2,"15":2,"16":1,"17":1,"18":2,"19":2,"20":1,"21":1,"22":2,"23":2,"24":1,"25":1,"26":5,"27":5,"28":0,"29":1},"f":{"0":13,"1":3,"2":2,"3":2,"4":2,"5":2,"6":2,"7":5},"b":{"0":[1,1],"1":[1,1],"2":[5]}}
,"/Users/paulopupo/dev/fast-food-ms-clientes/src/application/use-cases/update-customer.ts": {"path":"/Users/paulopupo/dev/fast-food-ms-clientes/src/application/use-cases/update-customer.ts","statementMap":{"0":{"start":{"line":2,"column":0},"end":{"line":2,"column":93}},"1":{"start":{"line":4,"column":0},"end":{"line":4,"column":83}},"2":{"start":{"line":7,"column":33},"end":{"line":7,"column":72}},"3":{"start":{"line":10,"column":8},"end":{"line":44,"column":9}},"4":{"start":{"line":11,"column":37},"end":{"line":11,"column":79}},"5":{"start":{"line":12,"column":12},"end":{"line":14,"column":13}},"6":{"start":{"line":13,"column":16},"end":{"line":13,"column":null}},"7":{"start":{"line":16,"column":12},"end":{"line":21,"column":13}},"8":{"start":{"line":17,"column":42},"end":{"line":17,"column":112}},"9":{"start":{"line":18,"column":16},"end":{"line":20,"column":17}},"10":{"start":{"line":19,"column":20},"end":{"line":19,"column":null}},"11":{"start":{"line":23,"column":12},"end":{"line":28,"column":13}},"12":{"start":{"line":24,"column":43},"end":{"line":24,"column":125}},"13":{"start":{"line":25,"column":16},"end":{"line":27,"column":17}},"14":{"start":{"line":26,"column":20},"end":{"line":26,"column":null}},"15":{"start":{"line":30,"column":36},"end":{"line":30,"column":94}},"16":{"start":{"line":31,"column":12},"end":{"line":33,"column":13}},"17":{"start":{"line":32,"column":16},"end":{"line":32,"column":null}},"18":{"start":{"line":35,"column":12},"end":{"line":35,"column":null}},"19":{"start":{"line":37,"column":12},"end":{"line":39,"column":13}},"20":{"start":{"line":38,"column":16},"end":{"line":38,"column":null}},"21":{"start":{"line":40,"column":12},"end":{"line":42,"column":13}},"22":{"start":{"line":41,"column":16},"end":{"line":41,"column":null}},"23":{"start":{"line":43,"column":12},"end":{"line":43,"column":null}},"24":{"start":{"line":48,"column":26},"end":{"line":48,"column":70}},"25":{"start":{"line":49,"column":53},"end":{"line":49,"column":55}},"26":{"start":{"line":51,"column":8},"end":{"line":54,"column":9}},"27":{"start":{"line":52,"column":27},"end":{"line":52,"column":81}},"28":{"start":{"line":53,"column":12},"end":{"line":53,"column":null}},"29":{"start":{"line":56,"column":8},"end":{"line":56,"column":null}},"30":{"start":{"line":6,"column":0},"end":{"line":6,"column":13}}},"fnMap":{"0":{"name":"(anonymous_7)","decl":{"start":{"line":7,"column":4},"end":{"line":7,"column":33}},"loc":{"start":{"line":7,"column":72},"end":{"line":7,"column":77}}},"1":{"name":"(anonymous_8)","decl":{"start":{"line":9,"column":10},"end":{"line":9,"column":17}},"loc":{"start":{"line":9,"column":61},"end":{"line":45,"column":null}}},"2":{"name":"(anonymous_10)","decl":{"start":{"line":47,"column":10},"end":{"line":47,"column":20}},"loc":{"start":{"line":47,"column":78},"end":{"line":57,"column":null}}}},"branchMap":{"0":{"loc":{"start":{"line":12,"column":12},"end":{"line":14,"column":13}},"type":"if","locations":[{"start":{"line":12,"column":12},"end":{"line":14,"column":13}}]},"1":{"loc":{"start":{"line":16,"column":12},"end":{"line":21,"column":13}},"type":"if","locations":[{"start":{"line":16,"column":12},"end":{"line":21,"column":13}}]},"2":{"loc":{"start":{"line":16,"column":16},"end":{"line":16,"column":83}},"type":"binary-expr","locations":[{"start":{"line":16,"column":16},"end":{"line":16,"column":34}},{"start":{"line":16,"column":38},"end":{"line":16,"column":83}}]},"3":{"loc":{"start":{"line":18,"column":16},"end":{"line":20,"column":17}},"type":"if","locations":[{"start":{"line":18,"column":16},"end":{"line":20,"column":17}}]},"4":{"loc":{"start":{"line":23,"column":12},"end":{"line":28,"column":13}},"type":"if","locations":[{"start":{"line":23,"column":12},"end":{"line":28,"column":13}}]},"5":{"loc":{"start":{"line":23,"column":16},"end":{"line":23,"column":101}},"type":"binary-expr","locations":[{"start":{"line":23,"column":16},"end":{"line":23,"column":40}},{"start":{"line":23,"column":44},"end":{"line":23,"column":101}}]},"6":{"loc":{"start":{"line":25,"column":16},"end":{"line":27,"column":17}},"type":"if","locations":[{"start":{"line":25,"column":16},"end":{"line":27,"column":17}}]},"7":{"loc":{"start":{"line":31,"column":12},"end":{"line":33,"column":13}},"type":"if","locations":[{"start":{"line":31,"column":12},"end":{"line":33,"column":13}}]},"8":{"loc":{"start":{"line":37,"column":12},"end":{"line":39,"column":13}},"type":"if","locations":[{"start":{"line":37,"column":12},"end":{"line":39,"column":13}}]},"9":{"loc":{"start":{"line":40,"column":12},"end":{"line":42,"column":13}},"type":"if","locations":[{"start":{"line":40,"column":12},"end":{"line":42,"column":13}}]}},"s":{"0":1,"1":1,"2":3,"3":3,"4":3,"5":3,"6":1,"7":2,"8":2,"9":2,"10":1,"11":1,"12":0,"13":0,"14":0,"15":1,"16":1,"17":0,"18":1,"19":0,"20":0,"21":0,"22":0,"23":0,"24":0,"25":0,"26":0,"27":0,"28":0,"29":0,"30":1},"f":{"0":3,"1":3,"2":0},"b":{"0":[1],"1":[2],"2":[2,2],"3":[1],"4":[0],"5":[1,0],"6":[0],"7":[0],"8":[0],"9":[0]}}
,"/Users/paulopupo/dev/fast-food-ms-clientes/src/domain/entities/customer-operation-response.ts": {"path":"/Users/paulopupo/dev/fast-food-ms-clientes/src/domain/entities/customer-operation-response.ts","statementMap":{"0":{"start":{"line":5,"column":20},"end":{"line":5,"column":36}},"1":{"start":{"line":6,"column":20},"end":{"line":6,"column":73}},"2":{"start":{"line":7,"column":20},"end":{"line":7,"column":40}},"3":{"start":{"line":11,"column":4},"end":{"line":11,"column":null}},"4":{"start":{"line":15,"column":4},"end":{"line":15,"column":null}},"5":{"start":{"line":3,"column":0},"end":{"line":3,"column":13}}},"fnMap":{"0":{"name":"(anonymous_0)","decl":{"start":{"line":4,"column":2},"end":{"line":4,"column":null}},"loc":{"start":{"line":7,"column":40},"end":{"line":8,"column":7}}},"1":{"name":"(anonymous_1)","decl":{"start":{"line":10,"column":2},"end":{"line":10,"column":8}},"loc":{"start":{"line":10,"column":63},"end":{"line":12,"column":3}}},"2":{"name":"(anonymous_2)","decl":{"start":{"line":14,"column":2},"end":{"line":14,"column":8}},"loc":{"start":{"line":14,"column":30},"end":{"line":16,"column":3}}}},"branchMap":{},"s":{"0":59,"1":59,"2":59,"3":34,"4":25,"5":5},"f":{"0":59,"1":34,"2":25},"b":{}}
,"/Users/paulopupo/dev/fast-food-ms-clientes/src/domain/entities/customer.ts": {"path":"/Users/paulopupo/dev/fast-food-ms-clientes/src/domain/entities/customer.ts","statementMap":{"0":{"start":{"line":1,"column":0},"end":{"line":1,"column":73}},"1":{"start":{"line":2,"column":0},"end":{"line":2,"column":27}},"2":{"start":{"line":6,"column":24},"end":{"line":6,"column":43}},"3":{"start":{"line":7,"column":24},"end":{"line":7,"column":36}},"4":{"start":{"line":8,"column":24},"end":{"line":8,"column":43}},"5":{"start":{"line":9,"column":24},"end":{"line":9,"column":42}},"6":{"start":{"line":10,"column":24},"end":{"line":10,"column":37}},"7":{"start":{"line":20,"column":63},"end":{"line":20,"column":69}},"8":{"start":{"line":22,"column":8},"end":{"line":24,"column":9}},"9":{"start":{"line":23,"column":12},"end":{"line":23,"column":null}},"10":{"start":{"line":26,"column":8},"end":{"line":28,"column":9}},"11":{"start":{"line":27,"column":12},"end":{"line":27,"column":null}},"12":{"start":{"line":30,"column":8},"end":{"line":32,"column":9}},"13":{"start":{"line":31,"column":12},"end":{"line":31,"column":null}},"14":{"start":{"line":36,"column":8},"end":{"line":45,"column":9}},"15":{"start":{"line":37,"column":12},"end":{"line":39,"column":13}},"16":{"start":{"line":38,"column":16},"end":{"line":38,"column":null}},"17":{"start":{"line":40,"column":12},"end":{"line":40,"column":null}},"18":{"start":{"line":41,"column":15},"end":{"line":45,"column":9}},"19":{"start":{"line":42,"column":12},"end":{"line":42,"column":null}},"20":{"start":{"line":44,"column":12},"end":{"line":44,"column":null}},"21":{"start":{"line":47,"column":8},"end":{"line":49,"column":9}},"22":{"start":{"line":48,"column":12},"end":{"line":48,"column":null}},"23":{"start":{"line":51,"column":28},"end":{"line":51,"column":53}},"24":{"start":{"line":53,"column":8},"end":{"line":53,"column":null}},"25":{"start":{"line":57,"column":26},"end":{"line":57,"column":47}},"26":{"start":{"line":58,"column":8},"end":{"line":60,"column":9}},"27":{"start":{"line":59,"column":12},"end":{"line":59,"column":null}},"28":{"start":{"line":62,"column":35},"end":{"line":62,"column":68}},"29":{"start":{"line":63,"column":21},"end":{"line":63,"column":51}},"30":{"start":{"line":64,"column":8},"end":{"line":68,"column":null}},"31":{"start":{"line":4,"column":0},"end":{"line":4,"column":13}}},"fnMap":{"0":{"name":"(anonymous_1)","decl":{"start":{"line":5,"column":4},"end":{"line":5,"column":null}},"loc":{"start":{"line":10,"column":37},"end":{"line":11,"column":9}}},"1":{"name":"(anonymous_2)","decl":{"start":{"line":13,"column":4},"end":{"line":13,"column":10}},"loc":{"start":{"line":19,"column":5},"end":{"line":54,"column":5}}},"2":{"name":"(anonymous_3)","decl":{"start":{"line":56,"column":12},"end":{"line":56,"column":18}},"loc":{"start":{"line":56,"column":55},"end":{"line":69,"column":5}}}},"branchMap":{"0":{"loc":{"start":{"line":22,"column":8},"end":{"line":24,"column":9}},"type":"if","locations":[{"start":{"line":22,"column":8},"end":{"line":24,"column":9}}]},"1":{"loc":{"start":{"line":22,"column":12},"end":{"line":22,"column":100}},"type":"binary-expr","locations":[{"start":{"line":22,"column":12},"end":{"line":22,"column":36}},{"start":{"line":22,"column":40},"end":{"line":22,"column":71}},{"start":{"line":22,"column":75},"end":{"line":22,"column":100}}]},"2":{"loc":{"start":{"line":26,"column":8},"end":{"line":28,"column":9}},"type":"if","locations":[{"start":{"line":26,"column":8},"end":{"line":28,"column":9}}]},"3":{"loc":{"start":{"line":26,"column":12},"end":{"line":26,"column":82}},"type":"binary-expr","locations":[{"start":{"line":26,"column":12},"end":{"line":26,"column":30}},{"start":{"line":26,"column":34},"end":{"line":26,"column":59}},{"start":{"line":26,"column":63},"end":{"line":26,"column":82}}]},"4":{"loc":{"start":{"line":30,"column":8},"end":{"line":32,"column":9}},"type":"if","locations":[{"start":{"line":30,"column":8},"end":{"line":32,"column":9}}]},"5":{"loc":{"start":{"line":36,"column":8},"end":{"line":45,"column":9}},"type":"if","locations":[{"start":{"line":36,"column":8},"end":{"line":45,"column":9}},{"start":{"line":41,"column":15},"end":{"line":45,"column":9}}]},"6":{"loc":{"start":{"line":37,"column":12},"end":{"line":39,"column":13}},"type":"if","locations":[{"start":{"line":37,"column":12},"end":{"line":39,"column":13}}]},"7":{"loc":{"start":{"line":41,"column":15},"end":{"line":45,"column":9}},"type":"if","locations":[{"start":{"line":41,"column":15},"end":{"line":45,"column":9}},{"start":{"line":43,"column":15},"end":{"line":45,"column":9}}]},"8":{"loc":{"start":{"line":47,"column":8},"end":{"line":49,"column":9}},"type":"if","locations":[{"start":{"line":47,"column":8},"end":{"line":49,"column":9}}]},"9":{"loc":{"start":{"line":47,"column":12},"end":{"line":47,"column":88}},"type":"binary-expr","locations":[{"start":{"line":47,"column":12},"end":{"line":47,"column":50}},{"start":{"line":47,"column":54},"end":{"line":47,"column":88}}]},"10":{"loc":{"start":{"line":51,"column":28},"end":{"line":51,"column":53}},"type":"binary-expr","locations":[{"start":{"line":51,"column":28},"end":{"line":51,"column":30}},{"start":{"line":51,"column":34},"end":{"line":51,"column":53}}]},"11":{"loc":{"start":{"line":58,"column":8},"end":{"line":60,"column":9}},"type":"if","locations":[{"start":{"line":58,"column":8},"end":{"line":60,"column":9}}]},"12":{"loc":{"start":{"line":65,"column":12},"end":{"line":67,"column":34}},"type":"binary-expr","locations":[{"start":{"line":65,"column":12},"end":{"line":65,"column":39}},{"start":{"line":66,"column":12},"end":{"line":66,"column":41}},{"start":{"line":67,"column":12},"end":{"line":67,"column":34}}]}},"s":{"0":5,"1":5,"2":33,"3":33,"4":33,"5":33,"6":33,"7":34,"8":34,"9":0,"10":34,"11":1,"12":33,"13":0,"14":33,"15":10,"16":0,"17":10,"18":23,"19":23,"20":0,"21":33,"22":0,"23":33,"24":33,"25":10,"26":10,"27":0,"28":10,"29":10,"30":10,"31":5},"f":{"0":33,"1":34,"2":10},"b":{"0":[0],"1":[34,34,34],"2":[1],"3":[34,33,33],"4":[0],"5":[10,23],"6":[0],"7":[23,0],"8":[0],"9":[33,33],"10":[33,1],"11":[0],"12":[10,10,10]}}
,"/Users/paulopupo/dev/fast-food-ms-clientes/src/domain/exceptions/entity-creation-error.ts": {"path":"/Users/paulopupo/dev/fast-food-ms-clientes/src/domain/exceptions/entity-creation-error.ts","statementMap":{"0":{"start":{"line":3,"column":8},"end":{"line":3,"column":null}},"1":{"start":{"line":4,"column":8},"end":{"line":4,"column":null}},"2":{"start":{"line":6,"column":8},"end":{"line":6,"column":null}},"3":{"start":{"line":1,"column":0},"end":{"line":1,"column":13}}},"fnMap":{"0":{"name":"(anonymous_0)","decl":{"start":{"line":2,"column":4},"end":{"line":2,"column":16}},"loc":{"start":{"line":2,"column":31},"end":{"line":7,"column":5}}}},"branchMap":{},"s":{"0":1,"1":1,"2":1,"3":5},"f":{"0":1},"b":{}}
,"/Users/paulopupo/dev/fast-food-ms-clientes/src/infrastructure/adapters/controllers/customer-controller.ts": {"path":"/Users/paulopupo/dev/fast-food-ms-clientes/src/infrastructure/adapters/controllers/customer-controller.ts","statementMap":{"0":{"start":{"line":9,"column":25},"end":{"line":9,"column":69}},"1":{"start":{"line":10,"column":25},"end":{"line":10,"column":69}},"2":{"start":{"line":11,"column":25},"end":{"line":11,"column":63}},"3":{"start":{"line":12,"column":25},"end":{"line":12,"column":69}},"4":{"start":{"line":16,"column":8},"end":{"line":25,"column":9}},"5":{"start":{"line":17,"column":27},"end":{"line":17,"column":77}},"6":{"start":{"line":18,"column":12},"end":{"line":22,"column":13}},"7":{"start":{"line":19,"column":16},"end":{"line":19,"column":null}},"8":{"start":{"line":21,"column":16},"end":{"line":21,"column":null}},"9":{"start":{"line":24,"column":12},"end":{"line":24,"column":null}},"10":{"start":{"line":29,"column":8},"end":{"line":34,"column":9}},"11":{"start":{"line":30,"column":28},"end":{"line":30,"column":81}},"12":{"start":{"line":31,"column":12},"end":{"line":31,"column":null}},"13":{"start":{"line":33,"column":12},"end":{"line":33,"column":null}},"14":{"start":{"line":38,"column":8},"end":{"line":47,"column":9}},"15":{"start":{"line":39,"column":27},"end":{"line":39,"column":92}},"16":{"start":{"line":40,"column":12},"end":{"line":44,"column":13}},"17":{"start":{"line":41,"column":16},"end":{"line":41,"column":null}},"18":{"start":{"line":43,"column":16},"end":{"line":43,"column":null}},"19":{"start":{"line":46,"column":12},"end":{"line":46,"column":null}},"20":{"start":{"line":51,"column":8},"end":{"line":56,"column":9}},"21":{"start":{"line":52,"column":28},"end":{"line":52,"column":108}},"22":{"start":{"line":53,"column":12},"end":{"line":53,"column":null}},"23":{"start":{"line":55,"column":12},"end":{"line":55,"column":null}},"24":{"start":{"line":60,"column":8},"end":{"line":69,"column":9}},"25":{"start":{"line":61,"column":29},"end":{"line":61,"column":81}},"26":{"start":{"line":62,"column":12},"end":{"line":66,"column":13}},"27":{"start":{"line":63,"column":16},"end":{"line":63,"column":null}},"28":{"start":{"line":65,"column":16},"end":{"line":65,"column":null}},"29":{"start":{"line":68,"column":12},"end":{"line":68,"column":null}},"30":{"start":{"line":73,"column":8},"end":{"line":78,"column":9}},"31":{"start":{"line":74,"column":30},"end":{"line":74,"column":78}},"32":{"start":{"line":75,"column":12},"end":{"line":75,"column":null}},"33":{"start":{"line":77,"column":12},"end":{"line":77,"column":null}},"34":{"start":{"line":82,"column":8},"end":{"line":87,"column":9}},"35":{"start":{"line":83,"column":30},"end":{"line":83,"column":95}},"36":{"start":{"line":84,"column":12},"end":{"line":84,"column":null}},"37":{"start":{"line":86,"column":12},"end":{"line":86,"column":null}},"38":{"start":{"line":91,"column":8},"end":{"line":96,"column":9}},"39":{"start":{"line":92,"column":26},"end":{"line":92,"column":72}},"40":{"start":{"line":93,"column":12},"end":{"line":93,"column":null}},"41":{"start":{"line":95,"column":12},"end":{"line":95,"column":null}},"42":{"start":{"line":100,"column":8},"end":{"line":105,"column":9}},"43":{"start":{"line":101,"column":27},"end":{"line":101,"column":82}},"44":{"start":{"line":102,"column":12},"end":{"line":102,"column":null}},"45":{"start":{"line":104,"column":12},"end":{"line":104,"column":null}},"46":{"start":{"line":109,"column":8},"end":{"line":118,"column":9}},"47":{"start":{"line":110,"column":27},"end":{"line":110,"column":82}},"48":{"start":{"line":111,"column":12},"end":{"line":115,"column":13}},"49":{"start":{"line":112,"column":16},"end":{"line":112,"column":45}},"50":{"start":{"line":114,"column":16},"end":{"line":114,"column":45}},"51":{"start":{"line":117,"column":12},"end":{"line":117,"column":97}},"52":{"start":{"line":122,"column":8},"end":{"line":131,"column":9}},"53":{"start":{"line":123,"column":27},"end":{"line":123,"column":88}},"54":{"start":{"line":124,"column":12},"end":{"line":128,"column":13}},"55":{"start":{"line":125,"column":16},"end":{"line":125,"column":45}},"56":{"start":{"line":127,"column":16},"end":{"line":127,"column":45}},"57":{"start":{"line":130,"column":12},"end":{"line":130,"column":97}},"58":{"start":{"line":7,"column":0},"end":{"line":7,"column":13}}},"fnMap":{"0":{"name":"(anonymous_7)","decl":{"start":{"line":8,"column":4},"end":{"line":8,"column":null}},"loc":{"start":{"line":12,"column":69},"end":{"line":13,"column":9}}},"1":{"name":"(anonymous_8)","decl":{"start":{"line":15,"column":10},"end":{"line":15,"column":24}},"loc":{"start":{"line":15,"column":52},"end":{"line":26,"column":null}}},"2":{"name":"(anonymous_10)","decl":{"start":{"line":28,"column":10},"end":{"line":28,"column":29}},"loc":{"start":{"line":28,"column":57},"end":{"line":35,"column":null}}},"3":{"name":"(anonymous_12)","decl":{"start":{"line":37,"column":10},"end":{"line":37,"column":24}},"loc":{"start":{"line":37,"column":52},"end":{"line":48,"column":null}}},"4":{"name":"(anonymous_14)","decl":{"start":{"line":50,"column":10},"end":{"line":50,"column":29}},"loc":{"start":{"line":50,"column":57},"end":{"line":57,"column":null}}},"5":{"name":"(anonymous_16)","decl":{"start":{"line":59,"column":10},"end":{"line":59,"column":21}},"loc":{"start":{"line":59,"column":49},"end":{"line":70,"column":null}}},"6":{"name":"(anonymous_18)","decl":{"start":{"line":72,"column":10},"end":{"line":72,"column":25}},"loc":{"start":{"line":72,"column":53},"end":{"line":79,"column":null}}},"7":{"name":"(anonymous_20)","decl":{"start":{"line":81,"column":10},"end":{"line":81,"column":25}},"loc":{"start":{"line":81,"column":53},"end":{"line":88,"column":null}}},"8":{"name":"(anonymous_22)","decl":{"start":{"line":90,"column":10},"end":{"line":90,"column":24}},"loc":{"start":{"line":90,"column":52},"end":{"line":97,"column":null}}},"9":{"name":"(anonymous_24)","decl":{"start":{"line":99,"column":10},"end":{"line":99,"column":24}},"loc":{"start":{"line":99,"column":52},"end":{"line":106,"column":null}}},"10":{"name":"(anonymous_26)","decl":{"start":{"line":108,"column":10},"end":{"line":108,"column":24}},"loc":{"start":{"line":108,"column":52},"end":{"line":119,"column":null}}},"11":{"name":"(anonymous_28)","decl":{"start":{"line":121,"column":10},"end":{"line":121,"column":29}},"loc":{"start":{"line":121,"column":57},"end":{"line":132,"column":null}}}},"branchMap":{"0":{"loc":{"start":{"line":18,"column":12},"end":{"line":22,"column":13}},"type":"if","locations":[{"start":{"line":18,"column":12},"end":{"line":22,"column":13}},{"start":{"line":20,"column":19},"end":{"line":22,"column":13}}]},"1":{"loc":{"start":{"line":40,"column":12},"end":{"line":44,"column":13}},"type":"if","locations":[{"start":{"line":40,"column":12},"end":{"line":44,"column":13}},{"start":{"line":42,"column":19},"end":{"line":44,"column":13}}]},"2":{"loc":{"start":{"line":62,"column":12},"end":{"line":66,"column":13}},"type":"if","locations":[{"start":{"line":62,"column":12},"end":{"line":66,"column":13}},{"start":{"line":64,"column":19},"end":{"line":66,"column":13}}]},"3":{"loc":{"start":{"line":111,"column":12},"end":{"line":115,"column":13}},"type":"if","locations":[{"start":{"line":111,"column":12},"end":{"line":115,"column":13}},{"start":{"line":113,"column":19},"end":{"line":115,"column":13}}]},"4":{"loc":{"start":{"line":124,"column":12},"end":{"line":128,"column":13}},"type":"if","locations":[{"start":{"line":124,"column":12},"end":{"line":128,"column":13}},{"start":{"line":126,"column":19},"end":{"line":128,"column":13}}]}},"s":{"0":27,"1":27,"2":27,"3":27,"4":3,"5":3,"6":2,"7":1,"8":1,"9":1,"10":2,"11":2,"12":1,"13":1,"14":3,"15":3,"16":2,"17":1,"18":1,"19":1,"20":2,"21":2,"22":1,"23":1,"24":3,"25":3,"26":2,"27":1,"28":1,"29":1,"30":2,"31":2,"32":1,"33":1,"34":2,"35":2,"36":1,"37":1,"38":2,"39":2,"40":1,"41":1,"42":2,"43":2,"44":1,"45":1,"46":3,"47":3,"48":2,"49":1,"50":1,"51":1,"52":3,"53":3,"54":2,"55":1,"56":1,"57":1,"58":1},"f":{"0":27,"1":3,"2":2,"3":3,"4":2,"5":3,"6":2,"7":2,"8":2,"9":2,"10":3,"11":3},"b":{"0":[1,1],"1":[1,1],"2":[1,1],"3":[1,1],"4":[1,1]}}
}
