TN:
SF:src/application/use-cases/create-customer.ts
FN:7,(anonymous_7)
FN:9,(anonymous_8)
FN:42,(anonymous_10)
FNF:3
FNH:2
FNDA:3,(anonymous_7)
FNDA:3,(anonymous_8)
FNDA:0,(anonymous_10)
DA:1,1
DA:2,1
DA:4,1
DA:6,1
DA:7,3
DA:10,3
DA:11,3
DA:12,3
DA:13,1
DA:16,2
DA:17,2
DA:18,1
DA:21,1
DA:23,1
DA:25,1
DA:26,1
DA:27,0
DA:30,1
DA:32,0
DA:33,0
DA:35,0
DA:36,0
DA:38,0
DA:43,0
DA:44,0
DA:45,0
DA:46,0
DA:48,0
LF:28
LH:17
BRDA:12,0,0,1
BRDA:17,1,0,1
BRDA:26,2,0,0
BRDA:32,3,0,0
BRDA:35,4,0,0
BRF:5
BRH:2
end_of_record
TN:
SF:src/application/use-cases/delete-customer.ts
FN:6,(anonymous_7)
FN:8,(anonymous_8)
FN:10,(anonymous_10)
FN:11,(anonymous_11)
FN:17,(anonymous_12)
FN:19,(anonymous_14)
FN:20,(anonymous_15)
FN:26,(anonymous_16)
FN:29,(anonymous_18)
FN:32,(anonymous_19)
FN:33,(anonymous_20)
FN:37,(anonymous_21)
FN:54,(anonymous_23)
FN:58,(anonymous_24)
FN:62,(anonymous_25)
FNF:15
FNH:15
FNDA:10,(anonymous_7)
FNDA:7,(anonymous_8)
FNDA:6,(anonymous_10)
FNDA:7,(anonymous_11)
FNDA:3,(anonymous_12)
FNDA:2,(anonymous_14)
FNDA:3,(anonymous_15)
FNDA:3,(anonymous_16)
FNDA:4,(anonymous_18)
FNDA:4,(anonymous_19)
FNDA:3,(anonymous_20)
FNDA:10,(anonymous_21)
FNDA:2,(anonymous_23)
FNDA:5,(anonymous_24)
FNDA:3,(anonymous_25)
DA:2,1
DA:5,1
DA:6,10
DA:9,7
DA:10,6
DA:11,7
DA:18,3
DA:19,2
DA:20,3
DA:27,3
DA:28,3
DA:29,4
DA:31,3
DA:32,4
DA:33,3
DA:34,3
DA:43,10
DA:44,10
DA:45,2
DA:48,8
DA:49,8
DA:55,2
DA:59,5
DA:63,3
LF:24
LH:24
BRDA:44,0,0,2
BRDA:49,1,0,5
BRDA:49,1,1,3
BRF:3
BRH:3
end_of_record
TN:
SF:src/application/use-cases/get-customer.ts
FN:5,(anonymous_7)
FN:7,(anonymous_8)
FN:18,(anonymous_10)
FN:27,(anonymous_12)
FN:38,(anonymous_14)
FN:47,(anonymous_16)
FN:56,(anonymous_18)
FN:65,(anonymous_20)
FNF:8
FNH:8
FNDA:13,(anonymous_7)
FNDA:3,(anonymous_8)
FNDA:2,(anonymous_10)
FNDA:2,(anonymous_12)
FNDA:2,(anonymous_14)
FNDA:2,(anonymous_16)
FNDA:2,(anonymous_18)
FNDA:5,(anonymous_20)
DA:1,1
DA:4,1
DA:5,13
DA:8,3
DA:9,3
DA:10,2
DA:14,1
DA:19,2
DA:20,2
DA:21,1
DA:23,1
DA:28,2
DA:29,2
DA:30,2
DA:34,0
DA:39,2
DA:40,2
DA:41,1
DA:43,1
DA:48,2
DA:49,2
DA:50,1
DA:52,1
DA:57,2
DA:58,2
DA:59,1
DA:61,1
DA:66,5
DA:67,0
LF:29
LH:27
BRDA:10,0,0,1
BRDA:10,0,1,1
BRDA:30,1,0,1
BRDA:30,1,1,1
BRDA:66,2,0,5
BRF:5
BRH:5
end_of_record
TN:
SF:src/application/use-cases/update-customer.ts
FN:7,(anonymous_7)
FN:9,(anonymous_8)
FN:47,(anonymous_10)
FNF:3
FNH:2
FNDA:3,(anonymous_7)
FNDA:3,(anonymous_8)
FNDA:0,(anonymous_10)
DA:2,1
DA:4,1
DA:6,1
DA:7,3
DA:10,3
DA:11,3
DA:12,3
DA:13,1
DA:16,2
DA:17,2
DA:18,2
DA:19,1
DA:23,1
DA:24,0
DA:25,0
DA:26,0
DA:30,1
DA:31,1
DA:32,0
DA:35,1
DA:37,0
DA:38,0
DA:40,0
DA:41,0
DA:43,0
DA:48,0
DA:49,0
DA:51,0
DA:52,0
DA:53,0
DA:56,0
LF:31
LH:16
BRDA:12,0,0,1
BRDA:16,1,0,2
BRDA:16,2,0,2
BRDA:16,2,1,2
BRDA:18,3,0,1
BRDA:23,4,0,0
BRDA:23,5,0,1
BRDA:23,5,1,0
BRDA:25,6,0,0
BRDA:31,7,0,0
BRDA:37,8,0,0
BRDA:40,9,0,0
BRF:12
BRH:6
end_of_record
TN:
SF:src/domain/entities/customer-operation-response.ts
FN:4,(anonymous_0)
FN:10,(anonymous_1)
FN:14,(anonymous_2)
FNF:3
FNH:3
FNDA:59,(anonymous_0)
FNDA:34,(anonymous_1)
FNDA:25,(anonymous_2)
DA:3,5
DA:5,59
DA:6,59
DA:7,59
DA:11,34
DA:15,25
LF:6
LH:6
BRF:0
BRH:0
end_of_record
TN:
SF:src/domain/entities/customer.ts
FN:5,(anonymous_1)
FN:13,(anonymous_2)
FN:56,(anonymous_3)
FNF:3
FNH:3
FNDA:33,(anonymous_1)
FNDA:34,(anonymous_2)
FNDA:10,(anonymous_3)
DA:1,5
DA:2,5
DA:4,5
DA:6,33
DA:7,33
DA:8,33
DA:9,33
DA:10,33
DA:20,34
DA:22,34
DA:23,0
DA:26,34
DA:27,1
DA:30,33
DA:31,0
DA:36,33
DA:37,10
DA:38,0
DA:40,10
DA:41,23
DA:42,23
DA:44,0
DA:47,33
DA:48,0
DA:51,33
DA:53,33
DA:57,10
DA:58,10
DA:59,0
DA:62,10
DA:63,10
DA:64,10
LF:32
LH:26
BRDA:22,0,0,0
BRDA:22,1,0,34
BRDA:22,1,1,34
BRDA:22,1,2,34
BRDA:26,2,0,1
BRDA:26,3,0,34
BRDA:26,3,1,33
BRDA:26,3,2,33
BRDA:30,4,0,0
BRDA:36,5,0,10
BRDA:36,5,1,23
BRDA:37,6,0,0
BRDA:41,7,0,23
BRDA:41,7,1,0
BRDA:47,8,0,0
BRDA:47,9,0,33
BRDA:47,9,1,33
BRDA:51,10,0,33
BRDA:51,10,1,1
BRDA:58,11,0,0
BRDA:65,12,0,10
BRDA:65,12,1,10
BRDA:65,12,2,10
BRF:23
BRH:17
end_of_record
TN:
SF:src/domain/exceptions/entity-creation-error.ts
FN:2,(anonymous_0)
FNF:1
FNH:1
FNDA:1,(anonymous_0)
DA:1,5
DA:3,1
DA:4,1
DA:6,1
LF:4
LH:4
BRF:0
BRH:0
end_of_record
TN:
SF:src/infrastructure/adapters/controllers/customer-controller.ts
FN:8,(anonymous_7)
FN:15,(anonymous_8)
FN:28,(anonymous_10)
FN:37,(anonymous_12)
FN:50,(anonymous_14)
FN:59,(anonymous_16)
FN:72,(anonymous_18)
FN:81,(anonymous_20)
FN:90,(anonymous_22)
FN:99,(anonymous_24)
FN:108,(anonymous_26)
FN:121,(anonymous_28)
FNF:12
FNH:12
FNDA:27,(anonymous_7)
FNDA:3,(anonymous_8)
FNDA:2,(anonymous_10)
FNDA:3,(anonymous_12)
FNDA:2,(anonymous_14)
FNDA:3,(anonymous_16)
FNDA:2,(anonymous_18)
FNDA:2,(anonymous_20)
FNDA:2,(anonymous_22)
FNDA:2,(anonymous_24)
FNDA:3,(anonymous_26)
FNDA:3,(anonymous_28)
DA:7,1
DA:9,27
DA:10,27
DA:11,27
DA:12,27
DA:16,3
DA:17,3
DA:18,2
DA:19,1
DA:21,1
DA:24,1
DA:29,2
DA:30,2
DA:31,1
DA:33,1
DA:38,3
DA:39,3
DA:40,2
DA:41,1
DA:43,1
DA:46,1
DA:51,2
DA:52,2
DA:53,1
DA:55,1
DA:60,3
DA:61,3
DA:62,2
DA:63,1
DA:65,1
DA:68,1
DA:73,2
DA:74,2
DA:75,1
DA:77,1
DA:82,2
DA:83,2
DA:84,1
DA:86,1
DA:91,2
DA:92,2
DA:93,1
DA:95,1
DA:100,2
DA:101,2
DA:102,1
DA:104,1
DA:109,3
DA:110,3
DA:111,2
DA:112,1
DA:114,1
DA:117,1
DA:122,3
DA:123,3
DA:124,2
DA:125,1
DA:127,1
DA:130,1
LF:59
LH:59
BRDA:18,0,0,1
BRDA:18,0,1,1
BRDA:40,1,0,1
BRDA:40,1,1,1
BRDA:62,2,0,1
BRDA:62,2,1,1
BRDA:111,3,0,1
BRDA:111,3,1,1
BRDA:124,4,0,1
BRDA:124,4,1,1
BRF:10
BRH:10
end_of_record
